[ 2018-11-07T21:06:16+08:00 ] 192.168.0.101 /showMe/myappadmin/Home/personalart/saveart
INFO: [ app_init ] --START--
INFO: Run Behavior\BuildLiteBehavior [ RunTime:0.000014s ]
INFO: [ app_init ] --END-- [ RunTime:0.001422s ]
INFO: [ app_begin ] --START--
INFO: Run Behavior\ReadHtmlCacheBehavior [ RunTime:0.004968s ]
INFO: [ app_begin ] --END-- [ RunTime:0.005050s ]
SQL: SHOW COLUMNS FROM `posts` [ RunTime:0.0023s ]
SQL: INSERT INTO `posts` (`title`,`content`,`autor`,`sendtime`) VALUES ('1','<h1>fasefesf</h1>','天南第一剑','2018-11-07 21:06:16') [ RunTime:0.0026s ]
INFO: [ app_end ] --START--
INFO: Run Behavior\ShowPageTraceBehavior [ RunTime:0.002067s ]
INFO: [ app_end ] --END-- [ RunTime:0.002101s ]

[ 2018-11-07T21:06:44+08:00 ] 192.168.0.101 /showMe/myappadmin/Home/personalart/saveart
INFO: [ app_init ] --START--
INFO: Run Behavior\BuildLiteBehavior [ RunTime:0.000012s ]
INFO: [ app_init ] --END-- [ RunTime:0.001418s ]
INFO: [ app_begin ] --START--
INFO: Run Behavior\ReadHtmlCacheBehavior [ RunTime:0.002236s ]
INFO: [ app_begin ] --END-- [ RunTime:0.002302s ]
SQL: SHOW COLUMNS FROM `posts` [ RunTime:0.0049s ]
SQL: INSERT INTO `posts` (`title`,`content`,`autor`,`sendtime`) VALUES ('1','<p>我在江南等你，不见不散</p>','天南第一剑','2018-11-07 21:06:44') [ RunTime:0.0021s ]
INFO: [ app_end ] --START--
INFO: Run Behavior\ShowPageTraceBehavior [ RunTime:0.001469s ]
INFO: [ app_end ] --END-- [ RunTime:0.001514s ]

