[ 2018-11-09T09:33:29+08:00 ] 192.168.10.20 /showMe/myappadmin/Home/Index/getartcont
INFO: [ app_init ] --START--
INFO: Run Behavior\BuildLiteBehavior [ RunTime:0.000000s ]
INFO: [ app_init ] --END-- [ RunTime:0.000000s ]
INFO: [ app_begin ] --START--
INFO: Run Behavior\ReadHtmlCacheBehavior [ RunTime:0.000000s ]
INFO: [ app_begin ] --END-- [ RunTime:0.000000s ]
SQL: SHOW COLUMNS FROM `posts` [ RunTime:0.0000s ]
SQL: SELECT * FROM `posts`  [ RunTime:0.0196s ]

[ 2018-11-09T09:33:33+08:00 ] 192.168.10.20 /showMe/myappadmin/Home/Index/getartcont
INFO: [ app_init ] --START--
INFO: Run Behavior\BuildLiteBehavior [ RunTime:0.000000s ]
INFO: [ app_init ] --END-- [ RunTime:0.000000s ]
INFO: [ app_begin ] --START--
INFO: Run Behavior\ReadHtmlCacheBehavior [ RunTime:0.000000s ]
INFO: [ app_begin ] --END-- [ RunTime:0.000000s ]
SQL: SHOW COLUMNS FROM `posts` [ RunTime:0.0050s ]
SQL: SELECT * FROM `posts`  [ RunTime:0.0010s ]

[ 2018-11-09T09:33:35+08:00 ] 192.168.10.20 /showMe/myappadmin/Home/Index/getartcont
INFO: [ app_init ] --START--
INFO: Run Behavior\BuildLiteBehavior [ RunTime:0.000000s ]
INFO: [ app_init ] --END-- [ RunTime:0.001000s ]
INFO: [ app_begin ] --START--
INFO: Run Behavior\ReadHtmlCacheBehavior [ RunTime:0.001000s ]
INFO: [ app_begin ] --END-- [ RunTime:0.001000s ]
SQL: SHOW COLUMNS FROM `posts` [ RunTime:0.0080s ]
SQL: SELECT * FROM `posts`  [ RunTime:0.0000s ]

[ 2018-11-09T09:35:44+08:00 ] 192.168.10.20 /showMe/myappadmin/Home/Index/getartcont
INFO: [ app_init ] --START--
INFO: Run Behavior\BuildLiteBehavior [ RunTime:0.000000s ]
INFO: [ app_init ] --END-- [ RunTime:0.000000s ]
INFO: [ app_begin ] --START--
INFO: Run Behavior\ReadHtmlCacheBehavior [ RunTime:0.001000s ]
INFO: [ app_begin ] --END-- [ RunTime:0.001000s ]
SQL: SHOW COLUMNS FROM `posts` [ RunTime:0.0040s ]
SQL: SELECT * FROM `posts`  [ RunTime:0.0000s ]

[ 2018-11-09T09:35:54+08:00 ] 192.168.10.20 /showMe/myappadmin/Home/Index/getartcont
INFO: [ app_init ] --START--
INFO: Run Behavior\BuildLiteBehavior [ RunTime:0.000000s ]
INFO: [ app_init ] --END-- [ RunTime:0.000000s ]
INFO: [ app_begin ] --START--
INFO: Run Behavior\ReadHtmlCacheBehavior [ RunTime:0.001000s ]
INFO: [ app_begin ] --END-- [ RunTime:0.001000s ]
SQL: SHOW COLUMNS FROM `posts` [ RunTime:0.0060s ]
SQL: SELECT * FROM `posts`  [ RunTime:0.0000s ]

[ 2018-11-09T09:37:46+08:00 ] 192.168.10.20 /showMe/myappadmin/Home/Index/getartcont
INFO: [ app_init ] --START--
INFO: Run Behavior\BuildLiteBehavior [ RunTime:0.000000s ]
INFO: [ app_init ] --END-- [ RunTime:0.000000s ]
INFO: [ app_begin ] --START--
INFO: Run Behavior\ReadHtmlCacheBehavior [ RunTime:0.000000s ]
INFO: [ app_begin ] --END-- [ RunTime:0.000000s ]
SQL: SHOW COLUMNS FROM `posts` [ RunTime:0.0060s ]
SQL: SELECT * FROM `posts`  [ RunTime:0.0010s ]

[ 2018-11-09T09:37:56+08:00 ] 192.168.10.20 /showMe/myappadmin/Home/Index/getartcont
INFO: [ app_init ] --START--
INFO: Run Behavior\BuildLiteBehavior [ RunTime:0.000000s ]
INFO: [ app_init ] --END-- [ RunTime:0.000000s ]
INFO: [ app_begin ] --START--
INFO: Run Behavior\ReadHtmlCacheBehavior [ RunTime:0.001000s ]
INFO: [ app_begin ] --END-- [ RunTime:0.001000s ]
SQL: SHOW COLUMNS FROM `posts` [ RunTime:0.0040s ]
SQL: SELECT * FROM `posts`  [ RunTime:0.0000s ]

[ 2018-11-09T09:38:08+08:00 ] 192.168.10.20 /showMe/myappadmin/Home/Index/getartcont
INFO: [ app_init ] --START--
INFO: Run Behavior\BuildLiteBehavior [ RunTime:0.000000s ]
INFO: [ app_init ] --END-- [ RunTime:0.001000s ]
INFO: [ app_begin ] --START--
INFO: Run Behavior\ReadHtmlCacheBehavior [ RunTime:0.000000s ]
INFO: [ app_begin ] --END-- [ RunTime:0.000000s ]
SQL: SHOW COLUMNS FROM `posts` [ RunTime:0.0050s ]
SQL: SELECT * FROM `posts`  [ RunTime:0.0010s ]

[ 2018-11-09T09:38:50+08:00 ] 192.168.10.20 /showMe/myappadmin/Home/Index/getartcont
INFO: [ app_init ] --START--
INFO: Run Behavior\BuildLiteBehavior [ RunTime:0.000000s ]
INFO: [ app_init ] --END-- [ RunTime:0.001000s ]
INFO: [ app_begin ] --START--
INFO: Run Behavior\ReadHtmlCacheBehavior [ RunTime:0.001000s ]
INFO: [ app_begin ] --END-- [ RunTime:0.001000s ]
SQL: SHOW COLUMNS FROM `posts` [ RunTime:0.0040s ]
SQL: SELECT * FROM `posts`  [ RunTime:0.0000s ]

[ 2018-11-09T09:39:00+08:00 ] 192.168.10.20 /showMe/myappadmin/Home/Index/getartcont
INFO: [ app_init ] --START--
INFO: Run Behavior\BuildLiteBehavior [ RunTime:0.000000s ]
INFO: [ app_init ] --END-- [ RunTime:0.001000s ]
INFO: [ app_begin ] --START--
INFO: Run Behavior\ReadHtmlCacheBehavior [ RunTime:0.001000s ]
INFO: [ app_begin ] --END-- [ RunTime:0.001000s ]
SQL: SHOW COLUMNS FROM `posts` [ RunTime:0.0030s ]
SQL: SELECT * FROM `posts`  [ RunTime:0.0000s ]

[ 2018-11-09T09:39:05+08:00 ] 192.168.10.20 /showMe/myappadmin/Home/Index/getartcont
INFO: [ app_init ] --START--
INFO: Run Behavior\BuildLiteBehavior [ RunTime:0.000000s ]
INFO: [ app_init ] --END-- [ RunTime:0.001000s ]
INFO: [ app_begin ] --START--
INFO: Run Behavior\ReadHtmlCacheBehavior [ RunTime:0.001000s ]
INFO: [ app_begin ] --END-- [ RunTime:0.001000s ]
SQL: SHOW COLUMNS FROM `posts` [ RunTime:0.0040s ]
SQL: SELECT * FROM `posts`  [ RunTime:0.0010s ]

[ 2018-11-09T09:39:18+08:00 ] 192.168.10.20 /showMe/myappadmin/Home/Index/getartcont
INFO: [ app_init ] --START--
INFO: Run Behavior\BuildLiteBehavior [ RunTime:0.000000s ]
INFO: [ app_init ] --END-- [ RunTime:0.000000s ]
INFO: [ app_begin ] --START--
INFO: Run Behavior\ReadHtmlCacheBehavior [ RunTime:0.000000s ]
INFO: [ app_begin ] --END-- [ RunTime:0.000000s ]
SQL: SHOW COLUMNS FROM `posts` [ RunTime:0.0030s ]
SQL: SELECT * FROM `posts`  [ RunTime:0.0010s ]

[ 2018-11-09T09:39:38+08:00 ] 192.168.10.20 /showMe/myappadmin/Home/Index/getdetail?id=2
INFO: [ app_init ] --START--
INFO: Run Behavior\BuildLiteBehavior [ RunTime:0.000000s ]
INFO: [ app_init ] --END-- [ RunTime:0.001000s ]
INFO: [ app_begin ] --START--
INFO: Run Behavior\ReadHtmlCacheBehavior [ RunTime:0.000000s ]
INFO: [ app_begin ] --END-- [ RunTime:0.000000s ]

[ 2018-11-09T09:40:19+08:00 ] 192.168.10.20 /showMe/myappadmin/Home/Index/getartcont
INFO: [ app_init ] --START--
INFO: Run Behavior\BuildLiteBehavior [ RunTime:0.000000s ]
INFO: [ app_init ] --END-- [ RunTime:0.001000s ]
INFO: [ app_begin ] --START--
INFO: Run Behavior\ReadHtmlCacheBehavior [ RunTime:0.001000s ]
INFO: [ app_begin ] --END-- [ RunTime:0.001000s ]
SQL: SHOW COLUMNS FROM `posts` [ RunTime:0.0030s ]
SQL: SELECT * FROM `posts`  [ RunTime:0.0010s ]

[ 2018-11-09T09:41:43+08:00 ] 192.168.10.20 /showMe/myappadmin/Home/Index/getartcont
INFO: [ app_init ] --START--
INFO: Run Behavior\BuildLiteBehavior [ RunTime:0.000000s ]
INFO: [ app_init ] --END-- [ RunTime:0.001000s ]
INFO: [ app_begin ] --START--
INFO: Run Behavior\ReadHtmlCacheBehavior [ RunTime:0.002000s ]
INFO: [ app_begin ] --END-- [ RunTime:0.002000s ]
SQL: SHOW COLUMNS FROM `posts` [ RunTime:0.0040s ]
SQL: SELECT * FROM `posts`  [ RunTime:0.0010s ]

[ 2018-11-09T09:43:06+08:00 ] 192.168.10.20 /showMe/myappadmin/Home/Index/getartcont
INFO: [ app_init ] --START--
INFO: Run Behavior\BuildLiteBehavior [ RunTime:0.000000s ]
INFO: [ app_init ] --END-- [ RunTime:0.000000s ]
INFO: [ app_begin ] --START--
INFO: Run Behavior\ReadHtmlCacheBehavior [ RunTime:0.000000s ]
INFO: [ app_begin ] --END-- [ RunTime:0.000000s ]
SQL: SHOW COLUMNS FROM `posts` [ RunTime:0.0040s ]
SQL: SELECT * FROM `posts`  [ RunTime:0.0010s ]

[ 2018-11-09T09:44:58+08:00 ] 192.168.10.20 /showMe/myappadmin/Home/Index/getartcont
INFO: [ app_init ] --START--
INFO: Run Behavior\BuildLiteBehavior [ RunTime:0.000000s ]
INFO: [ app_init ] --END-- [ RunTime:0.001000s ]
INFO: [ app_begin ] --START--
INFO: Run Behavior\ReadHtmlCacheBehavior [ RunTime:0.001001s ]
INFO: [ app_begin ] --END-- [ RunTime:0.001001s ]
SQL: SHOW COLUMNS FROM `posts` [ RunTime:0.0040s ]
SQL: SELECT * FROM `posts`  [ RunTime:0.0010s ]

[ 2018-11-09T10:19:59+08:00 ] 192.168.10.20 /showMe/myappadmin/Home/Index/getartcont
INFO: [ app_init ] --START--
INFO: Run Behavior\BuildLiteBehavior [ RunTime:0.000000s ]
INFO: [ app_init ] --END-- [ RunTime:0.000000s ]
INFO: [ app_begin ] --START--
INFO: Run Behavior\ReadHtmlCacheBehavior [ RunTime:0.001000s ]
INFO: [ app_begin ] --END-- [ RunTime:0.001000s ]
SQL: SHOW COLUMNS FROM `posts` [ RunTime:0.0040s ]
SQL: SELECT * FROM `posts`  [ RunTime:0.0010s ]

[ 2018-11-09T10:20:03+08:00 ] 192.168.10.20 /showMe/myappadmin/Home/Index/getartcont
INFO: [ app_init ] --START--
INFO: Run Behavior\BuildLiteBehavior [ RunTime:0.000000s ]
INFO: [ app_init ] --END-- [ RunTime:0.000000s ]
INFO: [ app_begin ] --START--
INFO: Run Behavior\ReadHtmlCacheBehavior [ RunTime:0.001000s ]
INFO: [ app_begin ] --END-- [ RunTime:0.001000s ]
SQL: SHOW COLUMNS FROM `posts` [ RunTime:0.0040s ]
SQL: SELECT * FROM `posts`  [ RunTime:0.0010s ]

[ 2018-11-09T17:01:23+08:00 ] 192.168.10.20 /showMe/myappadmin/Home/Index/getartcont
INFO: [ app_init ] --START--
INFO: Run Behavior\BuildLiteBehavior [ RunTime:0.000000s ]
INFO: [ app_init ] --END-- [ RunTime:0.000000s ]
INFO: [ app_begin ] --START--
INFO: Run Behavior\ReadHtmlCacheBehavior [ RunTime:0.001000s ]
INFO: [ app_begin ] --END-- [ RunTime:0.001000s ]
SQL: SHOW COLUMNS FROM `posts` [ RunTime:0.0030s ]
SQL: SELECT * FROM `posts`  [ RunTime:0.0000s ]

[ 2018-11-09T17:21:25+08:00 ] 192.168.10.20 /showMe/myappadmin/Home/Index/getartcont
INFO: [ app_init ] --START--
INFO: Run Behavior\BuildLiteBehavior [ RunTime:0.000000s ]
INFO: [ app_init ] --END-- [ RunTime:0.001000s ]
INFO: [ app_begin ] --START--
INFO: Run Behavior\ReadHtmlCacheBehavior [ RunTime:0.001000s ]
INFO: [ app_begin ] --END-- [ RunTime:0.001000s ]
SQL: SHOW COLUMNS FROM `posts` [ RunTime:0.0050s ]
SQL: SELECT * FROM `posts`  [ RunTime:0.0010s ]

[ 2018-11-09T17:21:41+08:00 ] 192.168.10.20 /showMe/myappadmin/Home/Index/getartcont
INFO: [ app_init ] --START--
INFO: Run Behavior\BuildLiteBehavior [ RunTime:0.000000s ]
INFO: [ app_init ] --END-- [ RunTime:0.001000s ]
INFO: [ app_begin ] --START--
INFO: Run Behavior\ReadHtmlCacheBehavior [ RunTime:0.001000s ]
INFO: [ app_begin ] --END-- [ RunTime:0.001000s ]
SQL: SHOW COLUMNS FROM `posts` [ RunTime:0.0040s ]
SQL: SELECT * FROM `posts`  [ RunTime:0.0040s ]

[ 2018-11-09T17:22:40+08:00 ] 192.168.10.20 /showMe/myappadmin/Home/Index/getartcont
INFO: [ app_init ] --START--
INFO: Run Behavior\BuildLiteBehavior [ RunTime:0.000000s ]
INFO: [ app_init ] --END-- [ RunTime:0.000000s ]
INFO: [ app_begin ] --START--
INFO: Run Behavior\ReadHtmlCacheBehavior [ RunTime:0.001000s ]
INFO: [ app_begin ] --END-- [ RunTime:0.001000s ]
SQL: SHOW COLUMNS FROM `posts` [ RunTime:0.0030s ]
SQL: SELECT * FROM `posts`  [ RunTime:0.0010s ]

[ 2018-11-09T17:22:43+08:00 ] 192.168.10.20 /showMe/myappadmin/Home/Index/getartcont
INFO: [ app_init ] --START--
INFO: Run Behavior\BuildLiteBehavior [ RunTime:0.000000s ]
INFO: [ app_init ] --END-- [ RunTime:0.000000s ]
INFO: [ app_begin ] --START--
INFO: Run Behavior\ReadHtmlCacheBehavior [ RunTime:0.001000s ]
INFO: [ app_begin ] --END-- [ RunTime:0.001000s ]
SQL: SHOW COLUMNS FROM `posts` [ RunTime:0.0030s ]
SQL: SELECT * FROM `posts`  [ RunTime:0.0000s ]

[ 2018-11-09T17:24:01+08:00 ] 192.168.10.20 /showMe/myappadmin/Home/Index/getartcont
INFO: [ app_init ] --START--
INFO: Run Behavior\BuildLiteBehavior [ RunTime:0.000000s ]
INFO: [ app_init ] --END-- [ RunTime:0.000000s ]
INFO: [ app_begin ] --START--
INFO: Run Behavior\ReadHtmlCacheBehavior [ RunTime:0.000000s ]
INFO: [ app_begin ] --END-- [ RunTime:0.000000s ]
SQL: SHOW COLUMNS FROM `posts` [ RunTime:0.0040s ]
SQL: SELECT * FROM `posts`  [ RunTime:0.0000s ]

[ 2018-11-09T17:24:21+08:00 ] 192.168.10.20 /showMe/myappadmin/Home/Index/getartcont
INFO: [ app_init ] --START--
INFO: Run Behavior\BuildLiteBehavior [ RunTime:0.000000s ]
INFO: [ app_init ] --END-- [ RunTime:0.000000s ]
INFO: [ app_begin ] --START--
INFO: Run Behavior\ReadHtmlCacheBehavior [ RunTime:0.001000s ]
INFO: [ app_begin ] --END-- [ RunTime:0.001000s ]
SQL: SHOW COLUMNS FROM `posts` [ RunTime:0.0040s ]
SQL: SELECT * FROM `posts`  [ RunTime:0.0000s ]

[ 2018-11-09T17:24:25+08:00 ] 192.168.10.20 /showMe/myappadmin/Home/Index/getartcont
INFO: [ app_init ] --START--
INFO: Run Behavior\BuildLiteBehavior [ RunTime:0.000000s ]
INFO: [ app_init ] --END-- [ RunTime:0.001000s ]
INFO: [ app_begin ] --START--
INFO: Run Behavior\ReadHtmlCacheBehavior [ RunTime:0.000000s ]
INFO: [ app_begin ] --END-- [ RunTime:0.000000s ]
SQL: SHOW COLUMNS FROM `posts` [ RunTime:0.0050s ]
SQL: SELECT * FROM `posts`  [ RunTime:0.0000s ]

[ 2018-11-09T17:24:38+08:00 ] 192.168.10.20 /showMe/myappadmin/Home/Index/getartcont
INFO: [ app_init ] --START--
INFO: Run Behavior\BuildLiteBehavior [ RunTime:0.000000s ]
INFO: [ app_init ] --END-- [ RunTime:0.000000s ]
INFO: [ app_begin ] --START--
INFO: Run Behavior\ReadHtmlCacheBehavior [ RunTime:0.001000s ]
INFO: [ app_begin ] --END-- [ RunTime:0.001000s ]
SQL: SHOW COLUMNS FROM `posts` [ RunTime:0.0050s ]
SQL: SELECT * FROM `posts`  [ RunTime:0.0000s ]

[ 2018-11-09T17:24:41+08:00 ] 192.168.10.20 /showMe/myappadmin/Home/Index/getartcont
INFO: [ app_init ] --START--
INFO: Run Behavior\BuildLiteBehavior [ RunTime:0.000000s ]
INFO: [ app_init ] --END-- [ RunTime:0.000000s ]
INFO: [ app_begin ] --START--
INFO: Run Behavior\ReadHtmlCacheBehavior [ RunTime:0.001000s ]
INFO: [ app_begin ] --END-- [ RunTime:0.001000s ]
SQL: SHOW COLUMNS FROM `posts` [ RunTime:0.0050s ]
SQL: SELECT * FROM `posts`  [ RunTime:0.0030s ]

[ 2018-11-09T17:24:46+08:00 ] 192.168.10.20 /showMe/myappadmin/Home/Index/getartcont
INFO: [ app_init ] --START--
INFO: Run Behavior\BuildLiteBehavior [ RunTime:0.000000s ]
INFO: [ app_init ] --END-- [ RunTime:0.000000s ]
INFO: [ app_begin ] --START--
INFO: Run Behavior\ReadHtmlCacheBehavior [ RunTime:0.001000s ]
INFO: [ app_begin ] --END-- [ RunTime:0.001000s ]
SQL: SHOW COLUMNS FROM `posts` [ RunTime:0.0070s ]
SQL: SELECT * FROM `posts`  [ RunTime:0.0000s ]

[ 2018-11-09T17:24:54+08:00 ] 192.168.10.20 /showMe/myappadmin/Home/Index/getartcont
INFO: [ app_init ] --START--
INFO: Run Behavior\BuildLiteBehavior [ RunTime:0.000000s ]
INFO: [ app_init ] --END-- [ RunTime:0.000000s ]
INFO: [ app_begin ] --START--
INFO: Run Behavior\ReadHtmlCacheBehavior [ RunTime:0.000000s ]
INFO: [ app_begin ] --END-- [ RunTime:0.001000s ]
SQL: SHOW COLUMNS FROM `posts` [ RunTime:0.0060s ]
SQL: SELECT * FROM `posts`  [ RunTime:0.0010s ]

[ 2018-11-09T17:24:59+08:00 ] 192.168.10.20 /showMe/myappadmin/Home/Index/getartcont
INFO: [ app_init ] --START--
INFO: Run Behavior\BuildLiteBehavior [ RunTime:0.000000s ]
INFO: [ app_init ] --END-- [ RunTime:0.000000s ]
INFO: [ app_begin ] --START--
INFO: Run Behavior\ReadHtmlCacheBehavior [ RunTime:0.000000s ]
INFO: [ app_begin ] --END-- [ RunTime:0.000000s ]
SQL: SHOW COLUMNS FROM `posts` [ RunTime:0.0060s ]
SQL: SELECT * FROM `posts`  [ RunTime:0.0000s ]

[ 2018-11-09T17:25:03+08:00 ] 192.168.10.20 /showMe/myappadmin/Home/Index/getartcont
INFO: [ app_init ] --START--
INFO: Run Behavior\BuildLiteBehavior [ RunTime:0.000000s ]
INFO: [ app_init ] --END-- [ RunTime:0.000000s ]
INFO: [ app_begin ] --START--
INFO: Run Behavior\ReadHtmlCacheBehavior [ RunTime:0.001000s ]
INFO: [ app_begin ] --END-- [ RunTime:0.001000s ]
SQL: SHOW COLUMNS FROM `posts` [ RunTime:0.0030s ]
SQL: SELECT * FROM `posts`  [ RunTime:0.0010s ]

[ 2018-11-09T17:25:07+08:00 ] 192.168.10.20 /showMe/myappadmin/Home/Index/getartcont
INFO: [ app_init ] --START--
INFO: Run Behavior\BuildLiteBehavior [ RunTime:0.000000s ]
INFO: [ app_init ] --END-- [ RunTime:0.000000s ]
INFO: [ app_begin ] --START--
INFO: Run Behavior\ReadHtmlCacheBehavior [ RunTime:0.001000s ]
INFO: [ app_begin ] --END-- [ RunTime:0.001000s ]
SQL: SHOW COLUMNS FROM `posts` [ RunTime:0.0030s ]
SQL: SELECT * FROM `posts`  [ RunTime:0.0000s ]

[ 2018-11-09T17:25:16+08:00 ] 192.168.10.20 /showMe/myappadmin/Home/Index/getartcont
INFO: [ app_init ] --START--
INFO: Run Behavior\BuildLiteBehavior [ RunTime:0.000000s ]
INFO: [ app_init ] --END-- [ RunTime:0.000000s ]
INFO: [ app_begin ] --START--
INFO: Run Behavior\ReadHtmlCacheBehavior [ RunTime:0.000000s ]
INFO: [ app_begin ] --END-- [ RunTime:0.000000s ]
SQL: SHOW COLUMNS FROM `posts` [ RunTime:0.0030s ]
SQL: SELECT * FROM `posts`  [ RunTime:0.0000s ]

[ 2018-11-09T17:25:42+08:00 ] 192.168.10.20 /showMe/myappadmin/Home/Index/getartcont
INFO: [ app_init ] --START--
INFO: Run Behavior\BuildLiteBehavior [ RunTime:0.000000s ]
INFO: [ app_init ] --END-- [ RunTime:0.000000s ]
INFO: [ app_begin ] --START--
INFO: Run Behavior\ReadHtmlCacheBehavior [ RunTime:0.001000s ]
INFO: [ app_begin ] --END-- [ RunTime:0.001000s ]
SQL: SHOW COLUMNS FROM `posts` [ RunTime:0.0050s ]
SQL: SELECT * FROM `posts`  [ RunTime:0.0000s ]

[ 2018-11-09T17:25:50+08:00 ] 192.168.10.20 /showMe/myappadmin/Home/Index/getartcont
INFO: [ app_init ] --START--
INFO: Run Behavior\BuildLiteBehavior [ RunTime:0.000000s ]
INFO: [ app_init ] --END-- [ RunTime:0.001000s ]
INFO: [ app_begin ] --START--
INFO: Run Behavior\ReadHtmlCacheBehavior [ RunTime:0.001000s ]
INFO: [ app_begin ] --END-- [ RunTime:0.001000s ]
SQL: SHOW COLUMNS FROM `posts` [ RunTime:0.0040s ]
SQL: SELECT * FROM `posts`  [ RunTime:0.0010s ]

[ 2018-11-09T17:25:52+08:00 ] 192.168.10.20 /showMe/myappadmin/Home/Index/getartcont
INFO: [ app_init ] --START--
INFO: Run Behavior\BuildLiteBehavior [ RunTime:0.000000s ]
INFO: [ app_init ] --END-- [ RunTime:0.001000s ]
INFO: [ app_begin ] --START--
INFO: Run Behavior\ReadHtmlCacheBehavior [ RunTime:0.001000s ]
INFO: [ app_begin ] --END-- [ RunTime:0.001000s ]
SQL: SHOW COLUMNS FROM `posts` [ RunTime:0.0040s ]
SQL: SELECT * FROM `posts`  [ RunTime:0.0000s ]

[ 2018-11-09T17:28:08+08:00 ] 192.168.10.20 /showMe/myappadmin/Home/Index/getartcont
INFO: [ app_init ] --START--
INFO: Run Behavior\BuildLiteBehavior [ RunTime:0.000000s ]
INFO: [ app_init ] --END-- [ RunTime:0.001000s ]
INFO: [ app_begin ] --START--
INFO: Run Behavior\ReadHtmlCacheBehavior [ RunTime:0.000000s ]
INFO: [ app_begin ] --END-- [ RunTime:0.000000s ]
SQL: SHOW COLUMNS FROM `posts` [ RunTime:0.0040s ]
SQL: SELECT * FROM `posts`  [ RunTime:0.0000s ]

[ 2018-11-09T17:28:10+08:00 ] 192.168.10.20 /showMe/myappadmin/Home/Index/getartcont
INFO: [ app_init ] --START--
INFO: Run Behavior\BuildLiteBehavior [ RunTime:0.000000s ]
INFO: [ app_init ] --END-- [ RunTime:0.000000s ]
INFO: [ app_begin ] --START--
INFO: Run Behavior\ReadHtmlCacheBehavior [ RunTime:0.001000s ]
INFO: [ app_begin ] --END-- [ RunTime:0.001000s ]
SQL: SHOW COLUMNS FROM `posts` [ RunTime:0.0030s ]
SQL: SELECT * FROM `posts`  [ RunTime:0.0010s ]

[ 2018-11-09T17:28:19+08:00 ] 192.168.10.20 /showMe/myappadmin/Home/Index/getartcont
INFO: [ app_init ] --START--
INFO: Run Behavior\BuildLiteBehavior [ RunTime:0.000000s ]
INFO: [ app_init ] --END-- [ RunTime:0.001000s ]
INFO: [ app_begin ] --START--
INFO: Run Behavior\ReadHtmlCacheBehavior [ RunTime:0.000000s ]
INFO: [ app_begin ] --END-- [ RunTime:0.000000s ]
SQL: SHOW COLUMNS FROM `posts` [ RunTime:0.0040s ]
SQL: SELECT * FROM `posts`  [ RunTime:0.0000s ]

[ 2018-11-09T17:28:22+08:00 ] 192.168.10.20 /showMe/myappadmin/Home/Index/getartcont
INFO: [ app_init ] --START--
INFO: Run Behavior\BuildLiteBehavior [ RunTime:0.000000s ]
INFO: [ app_init ] --END-- [ RunTime:0.000000s ]
INFO: [ app_begin ] --START--
INFO: Run Behavior\ReadHtmlCacheBehavior [ RunTime:0.001000s ]
INFO: [ app_begin ] --END-- [ RunTime:0.001000s ]
SQL: SHOW COLUMNS FROM `posts` [ RunTime:0.0060s ]
SQL: SELECT * FROM `posts`  [ RunTime:0.0000s ]

[ 2018-11-09T17:28:43+08:00 ] 192.168.10.20 /showMe/myappadmin/Home/Index/getartcont
INFO: [ app_init ] --START--
INFO: Run Behavior\BuildLiteBehavior [ RunTime:0.000000s ]
INFO: [ app_init ] --END-- [ RunTime:0.001000s ]
INFO: [ app_begin ] --START--
INFO: Run Behavior\ReadHtmlCacheBehavior [ RunTime:0.000000s ]
INFO: [ app_begin ] --END-- [ RunTime:0.000000s ]
SQL: SHOW COLUMNS FROM `posts` [ RunTime:0.0040s ]
SQL: SELECT * FROM `posts`  [ RunTime:0.0000s ]

[ 2018-11-09T17:30:31+08:00 ] 192.168.10.20 /showMe/myappadmin/Home/Index/getartcont
INFO: [ app_init ] --START--
INFO: Run Behavior\BuildLiteBehavior [ RunTime:0.000000s ]
INFO: [ app_init ] --END-- [ RunTime:0.001000s ]
INFO: [ app_begin ] --START--
INFO: Run Behavior\ReadHtmlCacheBehavior [ RunTime:0.001000s ]
INFO: [ app_begin ] --END-- [ RunTime:0.001000s ]
SQL: SHOW COLUMNS FROM `posts` [ RunTime:0.0040s ]
SQL: SELECT * FROM `posts`  [ RunTime:0.0000s ]

[ 2018-11-09T17:31:06+08:00 ] 192.168.10.20 /showMe/myappadmin/Home/Index/getartcont
INFO: [ app_init ] --START--
INFO: Run Behavior\BuildLiteBehavior [ RunTime:0.000000s ]
INFO: [ app_init ] --END-- [ RunTime:0.000000s ]
INFO: [ app_begin ] --START--
INFO: Run Behavior\ReadHtmlCacheBehavior [ RunTime:0.000000s ]
INFO: [ app_begin ] --END-- [ RunTime:0.001000s ]
SQL: SHOW COLUMNS FROM `posts` [ RunTime:0.0050s ]
SQL: SELECT * FROM `posts`  [ RunTime:0.0010s ]

[ 2018-11-09T17:36:55+08:00 ] 192.168.10.20 /showMe/myappadmin/Home/Index/getartcont
INFO: [ app_init ] --START--
INFO: Run Behavior\BuildLiteBehavior [ RunTime:0.000000s ]
INFO: [ app_init ] --END-- [ RunTime:0.000000s ]
INFO: [ app_begin ] --START--
INFO: Run Behavior\ReadHtmlCacheBehavior [ RunTime:0.000000s ]
INFO: [ app_begin ] --END-- [ RunTime:0.000000s ]
SQL: SHOW COLUMNS FROM `posts` [ RunTime:0.0040s ]
SQL: SELECT * FROM `posts`  [ RunTime:0.0010s ]

[ 2018-11-09T17:37:12+08:00 ] 192.168.10.20 /showMe/myappadmin/Home/Index/getartcont
INFO: [ app_init ] --START--
INFO: Run Behavior\BuildLiteBehavior [ RunTime:0.000000s ]
INFO: [ app_init ] --END-- [ RunTime:0.001001s ]
INFO: [ app_begin ] --START--
INFO: Run Behavior\ReadHtmlCacheBehavior [ RunTime:0.000000s ]
INFO: [ app_begin ] --END-- [ RunTime:0.000000s ]
SQL: SHOW COLUMNS FROM `posts` [ RunTime:0.0050s ]
SQL: SELECT * FROM `posts`  [ RunTime:0.0010s ]

[ 2018-11-09T17:39:30+08:00 ] 192.168.10.20 /showMe/myappadmin/Home/Index/getartcont
INFO: [ app_init ] --START--
INFO: Run Behavior\BuildLiteBehavior [ RunTime:0.000000s ]
INFO: [ app_init ] --END-- [ RunTime:0.001000s ]
INFO: [ app_begin ] --START--
INFO: Run Behavior\ReadHtmlCacheBehavior [ RunTime:0.000000s ]
INFO: [ app_begin ] --END-- [ RunTime:0.000000s ]
SQL: SHOW COLUMNS FROM `posts` [ RunTime:0.0030s ]
SQL: SELECT * FROM `posts`  [ RunTime:0.0000s ]

[ 2018-11-09T17:39:35+08:00 ] 192.168.10.20 /showMe/myappadmin/Home/Index/getartcont
INFO: [ app_init ] --START--
INFO: Run Behavior\BuildLiteBehavior [ RunTime:0.000000s ]
INFO: [ app_init ] --END-- [ RunTime:0.000000s ]
INFO: [ app_begin ] --START--
INFO: Run Behavior\ReadHtmlCacheBehavior [ RunTime:0.000000s ]
INFO: [ app_begin ] --END-- [ RunTime:0.001000s ]
SQL: SHOW COLUMNS FROM `posts` [ RunTime:0.0040s ]
SQL: SELECT * FROM `posts`  [ RunTime:0.0010s ]

[ 2018-11-09T17:41:30+08:00 ] 192.168.10.20 /showMe/myappadmin/Home/Index/getartcont
INFO: [ app_init ] --START--
INFO: Run Behavior\BuildLiteBehavior [ RunTime:0.000000s ]
INFO: [ app_init ] --END-- [ RunTime:0.001000s ]
INFO: [ app_begin ] --START--
INFO: Run Behavior\ReadHtmlCacheBehavior [ RunTime:0.001000s ]
INFO: [ app_begin ] --END-- [ RunTime:0.001000s ]
SQL: SHOW COLUMNS FROM `posts` [ RunTime:0.0040s ]
SQL: SELECT * FROM `posts`  [ RunTime:0.0000s ]

[ 2018-11-09T17:41:49+08:00 ] 192.168.10.20 /showMe/myappadmin/Home/Index/getartcont
INFO: [ app_init ] --START--
INFO: Run Behavior\BuildLiteBehavior [ RunTime:0.000000s ]
INFO: [ app_init ] --END-- [ RunTime:0.001000s ]
INFO: [ app_begin ] --START--
INFO: Run Behavior\ReadHtmlCacheBehavior [ RunTime:0.000000s ]
INFO: [ app_begin ] --END-- [ RunTime:0.000000s ]
SQL: SHOW COLUMNS FROM `posts` [ RunTime:0.0030s ]
SQL: SELECT * FROM `posts`  [ RunTime:0.0010s ]

[ 2018-11-09T17:41:57+08:00 ] 192.168.10.20 /showMe/myappadmin/Home/Index/getartcont
INFO: [ app_init ] --START--
INFO: Run Behavior\BuildLiteBehavior [ RunTime:0.000000s ]
INFO: [ app_init ] --END-- [ RunTime:0.000000s ]
INFO: [ app_begin ] --START--
INFO: Run Behavior\ReadHtmlCacheBehavior [ RunTime:0.001001s ]
INFO: [ app_begin ] --END-- [ RunTime:0.001001s ]
SQL: SHOW COLUMNS FROM `posts` [ RunTime:0.0060s ]
SQL: SELECT * FROM `posts`  [ RunTime:0.0070s ]

[ 2018-11-09T17:43:14+08:00 ] 192.168.10.20 /showMe/myappadmin/Home/Index/getartcont
INFO: [ app_init ] --START--
INFO: Run Behavior\BuildLiteBehavior [ RunTime:0.000000s ]
INFO: [ app_init ] --END-- [ RunTime:0.000000s ]
INFO: [ app_begin ] --START--
INFO: Run Behavior\ReadHtmlCacheBehavior [ RunTime:0.001000s ]
INFO: [ app_begin ] --END-- [ RunTime:0.001000s ]
SQL: SHOW COLUMNS FROM `posts` [ RunTime:0.0040s ]
SQL: SELECT * FROM `posts`  [ RunTime:0.0010s ]

[ 2018-11-09T17:43:40+08:00 ] 192.168.10.20 /showMe/myappadmin/Home/Index/getartcont
INFO: [ app_init ] --START--
INFO: Run Behavior\BuildLiteBehavior [ RunTime:0.000000s ]
INFO: [ app_init ] --END-- [ RunTime:0.000000s ]
INFO: [ app_begin ] --START--
INFO: Run Behavior\ReadHtmlCacheBehavior [ RunTime:0.002000s ]
INFO: [ app_begin ] --END-- [ RunTime:0.002000s ]
SQL: SHOW COLUMNS FROM `posts` [ RunTime:0.0040s ]
SQL: SELECT * FROM `posts`  [ RunTime:0.0000s ]

[ 2018-11-09T17:43:47+08:00 ] 192.168.10.20 /showMe/myappadmin/Home/Index/getartcont
INFO: [ app_init ] --START--
INFO: Run Behavior\BuildLiteBehavior [ RunTime:0.000000s ]
INFO: [ app_init ] --END-- [ RunTime:0.000000s ]
INFO: [ app_begin ] --START--
INFO: Run Behavior\ReadHtmlCacheBehavior [ RunTime:0.000000s ]
INFO: [ app_begin ] --END-- [ RunTime:0.000000s ]
SQL: SHOW COLUMNS FROM `posts` [ RunTime:0.0040s ]
SQL: SELECT * FROM `posts`  [ RunTime:0.0000s ]

[ 2018-11-09T17:44:03+08:00 ] 192.168.10.20 /showMe/myappadmin/Home/Index/getartcont
INFO: [ app_init ] --START--
INFO: Run Behavior\BuildLiteBehavior [ RunTime:0.000000s ]
INFO: [ app_init ] --END-- [ RunTime:0.001000s ]
INFO: [ app_begin ] --START--
INFO: Run Behavior\ReadHtmlCacheBehavior [ RunTime:0.000000s ]
INFO: [ app_begin ] --END-- [ RunTime:0.000000s ]
SQL: SHOW COLUMNS FROM `posts` [ RunTime:0.0030s ]
SQL: SELECT * FROM `posts`  [ RunTime:0.0000s ]

[ 2018-11-09T17:44:23+08:00 ] 192.168.10.20 /showMe/myappadmin/Home/Index/getartcont
INFO: [ app_init ] --START--
INFO: Run Behavior\BuildLiteBehavior [ RunTime:0.000000s ]
INFO: [ app_init ] --END-- [ RunTime:0.000000s ]
INFO: [ app_begin ] --START--
INFO: Run Behavior\ReadHtmlCacheBehavior [ RunTime:0.001000s ]
INFO: [ app_begin ] --END-- [ RunTime:0.001000s ]
SQL: SHOW COLUMNS FROM `posts` [ RunTime:0.0050s ]
SQL: SELECT * FROM `posts`  [ RunTime:0.0010s ]

[ 2018-11-09T17:44:36+08:00 ] 192.168.10.20 /showMe/myappadmin/Home/Index/getartcont
INFO: [ app_init ] --START--
INFO: Run Behavior\BuildLiteBehavior [ RunTime:0.000000s ]
INFO: [ app_init ] --END-- [ RunTime:0.000000s ]
INFO: [ app_begin ] --START--
INFO: Run Behavior\ReadHtmlCacheBehavior [ RunTime:0.001000s ]
INFO: [ app_begin ] --END-- [ RunTime:0.001000s ]
SQL: SHOW COLUMNS FROM `posts` [ RunTime:0.0140s ]
SQL: SELECT * FROM `posts`  [ RunTime:0.0010s ]

[ 2018-11-09T17:45:46+08:00 ] 192.168.10.20 /showMe/myappadmin/Home/Index/getartcont
INFO: [ app_init ] --START--
INFO: Run Behavior\BuildLiteBehavior [ RunTime:0.000000s ]
INFO: [ app_init ] --END-- [ RunTime:0.001000s ]
INFO: [ app_begin ] --START--
INFO: Run Behavior\ReadHtmlCacheBehavior [ RunTime:0.001000s ]
INFO: [ app_begin ] --END-- [ RunTime:0.001000s ]
SQL: SHOW COLUMNS FROM `posts` [ RunTime:0.0030s ]
SQL: SELECT * FROM `posts`  [ RunTime:0.0000s ]

[ 2018-11-09T17:46:34+08:00 ] 192.168.10.20 /showMe/myappadmin/Home/Index/getartcont
INFO: [ app_init ] --START--
INFO: Run Behavior\BuildLiteBehavior [ RunTime:0.000000s ]
INFO: [ app_init ] --END-- [ RunTime:0.000000s ]
INFO: [ app_begin ] --START--
INFO: Run Behavior\ReadHtmlCacheBehavior [ RunTime:0.001000s ]
INFO: [ app_begin ] --END-- [ RunTime:0.002000s ]
SQL: SHOW COLUMNS FROM `posts` [ RunTime:0.0030s ]
SQL: SELECT * FROM `posts`  [ RunTime:0.0010s ]

[ 2018-11-09T17:46:44+08:00 ] 192.168.10.20 /showMe/myappadmin/Home/Index/getartcont
INFO: [ app_init ] --START--
INFO: Run Behavior\BuildLiteBehavior [ RunTime:0.000000s ]
INFO: [ app_init ] --END-- [ RunTime:0.000000s ]
INFO: [ app_begin ] --START--
INFO: Run Behavior\ReadHtmlCacheBehavior [ RunTime:0.001000s ]
INFO: [ app_begin ] --END-- [ RunTime:0.001000s ]
SQL: SHOW COLUMNS FROM `posts` [ RunTime:0.0040s ]
SQL: SELECT * FROM `posts`  [ RunTime:0.0000s ]

[ 2018-11-09T17:46:47+08:00 ] 192.168.10.20 /showMe/myappadmin/Home/Index/getartcont
INFO: [ app_init ] --START--
INFO: Run Behavior\BuildLiteBehavior [ RunTime:0.000000s ]
INFO: [ app_init ] --END-- [ RunTime:0.000000s ]
INFO: [ app_begin ] --START--
INFO: Run Behavior\ReadHtmlCacheBehavior [ RunTime:0.001000s ]
INFO: [ app_begin ] --END-- [ RunTime:0.001000s ]
SQL: SHOW COLUMNS FROM `posts` [ RunTime:0.0350s ]
SQL: SELECT * FROM `posts`  [ RunTime:0.0010s ]

[ 2018-11-09T17:47:02+08:00 ] 192.168.10.20 /showMe/myappadmin/Home/Index/getartcont
INFO: [ app_init ] --START--
INFO: Run Behavior\BuildLiteBehavior [ RunTime:0.000000s ]
INFO: [ app_init ] --END-- [ RunTime:0.001000s ]
INFO: [ app_begin ] --START--
INFO: Run Behavior\ReadHtmlCacheBehavior [ RunTime:0.001000s ]
INFO: [ app_begin ] --END-- [ RunTime:0.001000s ]
SQL: SHOW COLUMNS FROM `posts` [ RunTime:0.0050s ]
SQL: SELECT * FROM `posts`  [ RunTime:0.0000s ]

[ 2018-11-09T17:47:04+08:00 ] 192.168.10.20 /showMe/myappadmin/Home/Index/getartcont
INFO: [ app_init ] --START--
INFO: Run Behavior\BuildLiteBehavior [ RunTime:0.000000s ]
INFO: [ app_init ] --END-- [ RunTime:0.000000s ]
INFO: [ app_begin ] --START--
INFO: Run Behavior\ReadHtmlCacheBehavior [ RunTime:0.001000s ]
INFO: [ app_begin ] --END-- [ RunTime:0.001000s ]
SQL: SHOW COLUMNS FROM `posts` [ RunTime:0.1060s ]
SQL: SELECT * FROM `posts`  [ RunTime:0.0000s ]

[ 2018-11-09T17:51:35+08:00 ] 192.168.10.20 /showMe/myappadmin/Home/Index/getartcont
INFO: [ app_init ] --START--
INFO: Run Behavior\BuildLiteBehavior [ RunTime:0.000000s ]
INFO: [ app_init ] --END-- [ RunTime:0.001000s ]
INFO: [ app_begin ] --START--
INFO: Run Behavior\ReadHtmlCacheBehavior [ RunTime:0.000000s ]
INFO: [ app_begin ] --END-- [ RunTime:0.001000s ]
SQL: SHOW COLUMNS FROM `posts` [ RunTime:0.0070s ]
SQL: SELECT * FROM `posts`  [ RunTime:0.0000s ]

[ 2018-11-09T17:53:26+08:00 ] 192.168.10.20 /showMe/myappadmin/Home/Index/getartcont
INFO: [ app_init ] --START--
INFO: Run Behavior\BuildLiteBehavior [ RunTime:0.000000s ]
INFO: [ app_init ] --END-- [ RunTime:0.001000s ]
INFO: [ app_begin ] --START--
INFO: Run Behavior\ReadHtmlCacheBehavior [ RunTime:0.000000s ]
INFO: [ app_begin ] --END-- [ RunTime:0.000000s ]
SQL: SHOW COLUMNS FROM `posts` [ RunTime:0.0140s ]
SQL: SELECT * FROM `posts`  [ RunTime:0.0010s ]

[ 2018-11-09T17:53:27+08:00 ] 192.168.10.20 /showMe/myappadmin/Home/Index/getartcont
INFO: [ app_init ] --START--
INFO: Run Behavior\BuildLiteBehavior [ RunTime:0.000000s ]
INFO: [ app_init ] --END-- [ RunTime:0.001000s ]
INFO: [ app_begin ] --START--
INFO: Run Behavior\ReadHtmlCacheBehavior [ RunTime:0.001000s ]
INFO: [ app_begin ] --END-- [ RunTime:0.001000s ]
SQL: SHOW COLUMNS FROM `posts` [ RunTime:0.0050s ]
SQL: SELECT * FROM `posts`  [ RunTime:0.0000s ]

[ 2018-11-09T17:53:49+08:00 ] 192.168.10.20 /showMe/myappadmin/Home/Index/getartcont
INFO: [ app_init ] --START--
INFO: Run Behavior\BuildLiteBehavior [ RunTime:0.000000s ]
INFO: [ app_init ] --END-- [ RunTime:0.001000s ]
INFO: [ app_begin ] --START--
INFO: Run Behavior\ReadHtmlCacheBehavior [ RunTime:0.000000s ]
INFO: [ app_begin ] --END-- [ RunTime:0.000000s ]
SQL: SHOW COLUMNS FROM `posts` [ RunTime:0.0040s ]
SQL: SELECT * FROM `posts`  [ RunTime:0.0010s ]

[ 2018-11-09T17:54:15+08:00 ] 192.168.10.20 /showMe/myappadmin/Home/Index/getartcont
INFO: [ app_init ] --START--
INFO: Run Behavior\BuildLiteBehavior [ RunTime:0.000000s ]
INFO: [ app_init ] --END-- [ RunTime:0.001000s ]
INFO: [ app_begin ] --START--
INFO: Run Behavior\ReadHtmlCacheBehavior [ RunTime:0.000000s ]
INFO: [ app_begin ] --END-- [ RunTime:0.000000s ]
SQL: SHOW COLUMNS FROM `posts` [ RunTime:0.0030s ]
SQL: SELECT * FROM `posts`  [ RunTime:0.0030s ]

[ 2018-11-09T17:54:34+08:00 ] 192.168.10.20 /showMe/myappadmin/Home/Index/getartcont
INFO: [ app_init ] --START--
INFO: Run Behavior\BuildLiteBehavior [ RunTime:0.000000s ]
INFO: [ app_init ] --END-- [ RunTime:0.001000s ]
INFO: [ app_begin ] --START--
INFO: Run Behavior\ReadHtmlCacheBehavior [ RunTime:0.000000s ]
INFO: [ app_begin ] --END-- [ RunTime:0.000000s ]
SQL: SHOW COLUMNS FROM `posts` [ RunTime:0.0050s ]
SQL: SELECT * FROM `posts`  [ RunTime:0.0000s ]

[ 2018-11-09T17:54:41+08:00 ] 192.168.10.20 /showMe/myappadmin/Home/Index/getartcont
INFO: [ app_init ] --START--
INFO: Run Behavior\BuildLiteBehavior [ RunTime:0.000000s ]
INFO: [ app_init ] --END-- [ RunTime:0.001000s ]
INFO: [ app_begin ] --START--
INFO: Run Behavior\ReadHtmlCacheBehavior [ RunTime:0.001001s ]
INFO: [ app_begin ] --END-- [ RunTime:0.001001s ]
SQL: SHOW COLUMNS FROM `posts` [ RunTime:0.0070s ]
SQL: SELECT * FROM `posts`  [ RunTime:0.0010s ]

[ 2018-11-09T17:58:11+08:00 ] 192.168.10.20 /showMe/myappadmin/Home/Index/getartcont
INFO: [ app_init ] --START--
INFO: Run Behavior\BuildLiteBehavior [ RunTime:0.000000s ]
INFO: [ app_init ] --END-- [ RunTime:0.001000s ]
INFO: [ app_begin ] --START--
INFO: Run Behavior\ReadHtmlCacheBehavior [ RunTime:0.001000s ]
INFO: [ app_begin ] --END-- [ RunTime:0.001000s ]
SQL: SHOW COLUMNS FROM `posts` [ RunTime:0.0040s ]
SQL: SELECT * FROM `posts`  [ RunTime:0.0000s ]

[ 2018-11-09T17:58:26+08:00 ] 192.168.10.20 /showMe/myappadmin/Home/Index/getartcont
INFO: [ app_init ] --START--
INFO: Run Behavior\BuildLiteBehavior [ RunTime:0.000000s ]
INFO: [ app_init ] --END-- [ RunTime:0.001000s ]
INFO: [ app_begin ] --START--
INFO: Run Behavior\ReadHtmlCacheBehavior [ RunTime:0.000000s ]
INFO: [ app_begin ] --END-- [ RunTime:0.000000s ]
SQL: SHOW COLUMNS FROM `posts` [ RunTime:0.0040s ]
SQL: SELECT * FROM `posts`  [ RunTime:0.0010s ]

[ 2018-11-09T18:02:29+08:00 ] 192.168.10.20 /showMe/myappadmin/Home/Index/getartcont
INFO: [ app_init ] --START--
INFO: Run Behavior\BuildLiteBehavior [ RunTime:0.000000s ]
INFO: [ app_init ] --END-- [ RunTime:0.001001s ]
INFO: [ app_begin ] --START--
INFO: Run Behavior\ReadHtmlCacheBehavior [ RunTime:0.001000s ]
INFO: [ app_begin ] --END-- [ RunTime:0.001000s ]
SQL: SHOW COLUMNS FROM `posts` [ RunTime:0.0160s ]
SQL: SELECT * FROM `posts`  [ RunTime:0.0000s ]

[ 2018-11-09T18:02:52+08:00 ] 192.168.10.20 /showMe/myappadmin/Home/Index/getartcont
INFO: [ app_init ] --START--
INFO: Run Behavior\BuildLiteBehavior [ RunTime:0.000000s ]
INFO: [ app_init ] --END-- [ RunTime:0.001000s ]
INFO: [ app_begin ] --START--
INFO: Run Behavior\ReadHtmlCacheBehavior [ RunTime:0.001000s ]
INFO: [ app_begin ] --END-- [ RunTime:0.001000s ]
SQL: SHOW COLUMNS FROM `posts` [ RunTime:0.0030s ]
SQL: SELECT * FROM `posts`  [ RunTime:0.0010s ]

[ 2018-11-09T18:03:45+08:00 ] 192.168.10.20 /showMe/myappadmin/Home/Index/getartcont
INFO: [ app_init ] --START--
INFO: Run Behavior\BuildLiteBehavior [ RunTime:0.000000s ]
INFO: [ app_init ] --END-- [ RunTime:0.000000s ]
INFO: [ app_begin ] --START--
INFO: Run Behavior\ReadHtmlCacheBehavior [ RunTime:0.000000s ]
INFO: [ app_begin ] --END-- [ RunTime:0.001000s ]
SQL: SHOW COLUMNS FROM `posts` [ RunTime:0.0040s ]
SQL: SELECT * FROM `posts`  [ RunTime:0.0010s ]

[ 2018-11-09T18:05:15+08:00 ] 192.168.10.20 /showMe/myappadmin/Home/Index/getartcont
INFO: [ app_init ] --START--
INFO: Run Behavior\BuildLiteBehavior [ RunTime:0.000000s ]
INFO: [ app_init ] --END-- [ RunTime:0.000000s ]
INFO: [ app_begin ] --START--
INFO: Run Behavior\ReadHtmlCacheBehavior [ RunTime:0.001000s ]
INFO: [ app_begin ] --END-- [ RunTime:0.001000s ]
SQL: SHOW COLUMNS FROM `posts` [ RunTime:0.0030s ]
SQL: SELECT * FROM `posts`  [ RunTime:0.0000s ]

[ 2018-11-09T18:06:18+08:00 ] 192.168.10.20 /showMe/myappadmin/Home/Index/getartcont
INFO: [ app_init ] --START--
INFO: Run Behavior\BuildLiteBehavior [ RunTime:0.000000s ]
INFO: [ app_init ] --END-- [ RunTime:0.000000s ]
INFO: [ app_begin ] --START--
INFO: Run Behavior\ReadHtmlCacheBehavior [ RunTime:0.000000s ]
INFO: [ app_begin ] --END-- [ RunTime:0.001000s ]
SQL: SHOW COLUMNS FROM `posts` [ RunTime:0.0280s ]
SQL: SELECT * FROM `posts`  [ RunTime:0.0000s ]

[ 2018-11-09T18:06:27+08:00 ] 192.168.10.20 /showMe/myappadmin/Home/Index/getartcont
INFO: [ app_init ] --START--
INFO: Run Behavior\BuildLiteBehavior [ RunTime:0.000000s ]
INFO: [ app_init ] --END-- [ RunTime:0.001000s ]
INFO: [ app_begin ] --START--
INFO: Run Behavior\ReadHtmlCacheBehavior [ RunTime:0.000000s ]
INFO: [ app_begin ] --END-- [ RunTime:0.000000s ]
SQL: SHOW COLUMNS FROM `posts` [ RunTime:0.0030s ]
SQL: SELECT * FROM `posts`  [ RunTime:0.0000s ]

[ 2018-11-09T18:07:42+08:00 ] 192.168.10.20 /showMe/myappadmin/Home/Index/getartcont
INFO: [ app_init ] --START--
INFO: Run Behavior\BuildLiteBehavior [ RunTime:0.000000s ]
INFO: [ app_init ] --END-- [ RunTime:0.000000s ]
INFO: [ app_begin ] --START--
INFO: Run Behavior\ReadHtmlCacheBehavior [ RunTime:0.001000s ]
INFO: [ app_begin ] --END-- [ RunTime:0.001000s ]
SQL: SHOW COLUMNS FROM `posts` [ RunTime:0.0040s ]
SQL: SELECT * FROM `posts`  [ RunTime:0.0000s ]

[ 2018-11-09T18:09:32+08:00 ] 192.168.10.20 /showMe/myappadmin/Home/Index/getartcont
INFO: [ app_init ] --START--
INFO: Run Behavior\BuildLiteBehavior [ RunTime:0.000000s ]
INFO: [ app_init ] --END-- [ RunTime:0.000000s ]
INFO: [ app_begin ] --START--
INFO: Run Behavior\ReadHtmlCacheBehavior [ RunTime:0.000000s ]
INFO: [ app_begin ] --END-- [ RunTime:0.000000s ]
SQL: SHOW COLUMNS FROM `posts` [ RunTime:0.0040s ]
SQL: SELECT * FROM `posts`  [ RunTime:0.0000s ]

[ 2018-11-09T18:09:33+08:00 ] 192.168.10.20 /showMe/myappadmin/Home/Index/getartcont
INFO: [ app_init ] --START--
INFO: Run Behavior\BuildLiteBehavior [ RunTime:0.000000s ]
INFO: [ app_init ] --END-- [ RunTime:0.001000s ]
INFO: [ app_begin ] --START--
INFO: Run Behavior\ReadHtmlCacheBehavior [ RunTime:0.000000s ]
INFO: [ app_begin ] --END-- [ RunTime:0.000000s ]
SQL: SHOW COLUMNS FROM `posts` [ RunTime:0.0280s ]
SQL: SELECT * FROM `posts`  [ RunTime:0.0000s ]

[ 2018-11-09T18:10:46+08:00 ] 192.168.10.20 /showMe/myappadmin/Home/Index/getartcont
INFO: [ app_init ] --START--
INFO: Run Behavior\BuildLiteBehavior [ RunTime:0.000000s ]
INFO: [ app_init ] --END-- [ RunTime:0.001000s ]
INFO: [ app_begin ] --START--
INFO: Run Behavior\ReadHtmlCacheBehavior [ RunTime:0.005000s ]
INFO: [ app_begin ] --END-- [ RunTime:0.005000s ]
SQL: SHOW COLUMNS FROM `posts` [ RunTime:0.0030s ]
SQL: SELECT * FROM `posts`  [ RunTime:0.0000s ]

